апр 05, 2024 1:11:06 ПР.ОБ. com.example.chatapp.Logger info
INFO: U:asd
апр 05, 2024 1:11:06 ПР.ОБ. com.example.chatapp.Logger info
INFO: J:asd is connected!
апр 05, 2024 1:11:06 ПР.ОБ. com.example.chatapp.Logger info
INFO: A:(01:10) asd is connected!|(01:10) asd has left.|(01:11) asd is connected!
апр 05, 2024 1:11:22 ПР.ОБ. com.example.chatapp.Logger info
INFO: U:asd|rr
апр 05, 2024 1:11:22 ПР.ОБ. com.example.chatapp.Logger info
INFO: J:rr is connected!
апр 05, 2024 1:11:26 ПР.ОБ. com.example.chatapp.Logger info
INFO: U:asd
апр 05, 2024 1:11:26 ПР.ОБ. com.example.chatapp.Logger info
INFO: L:rr has left.
апр 05, 2024 1:11:28 ПР.ОБ. com.example.chatapp.Logger info
INFO: U:asd|rr
апр 05, 2024 1:11:28 ПР.ОБ. com.example.chatapp.Logger info
INFO: J:rr is connected!
апр 05, 2024 1:11:29 ПР.ОБ. com.example.chatapp.Logger info
INFO: U:asd
апр 05, 2024 1:11:29 ПР.ОБ. com.example.chatapp.Logger info
INFO: L:rr has left.
апр 05, 2024 1:11:30 ПР.ОБ. com.example.chatapp.Logger info
INFO: U:asd|rr
апр 05, 2024 1:11:30 ПР.ОБ. com.example.chatapp.Logger info
INFO: J:rr is connected!
апр 05, 2024 1:11:32 ПР.ОБ. com.example.chatapp.Logger info
INFO: U:asd
апр 05, 2024 1:11:32 ПР.ОБ. com.example.chatapp.Logger info
INFO: L:rr has left.
апр 05, 2024 1:11:33 ПР.ОБ. com.example.chatapp.Logger info
INFO: L:asd
апр 05, 2024 1:11:33 ПР.ОБ. com.example.chatapp.Logger info
INFO: U:
апр 05, 2024 1:11:33 ПР.ОБ. com.example.chatapp.Logger info
INFO: L:asd has left.
